[1] "/ebio/abt6_projects9/ath_1001G_image_pheno/experiment_218_droughtgwa/fineancestry"
[1] "resMed"
        V2         V3         V4         V5         V6         V7 
0.08634254 0.08634254 0.08634254 0.08634254 0.08634254 0.08634254 
        V2         V3         V4         V5         V6         V7 
0.09047126 0.09047126 0.09047126 0.09047126 0.09047126 0.09047126 
       V2        V3        V4        V5        V6        V7 
0.1121728 0.1121728 0.1121728 0.1121728 0.1121728 0.1121728 
       V2        V3        V4        V5        V6        V7 
0.6304661 0.6304661 0.6304661 0.6304661 0.6304661 0.6304661 
        V2         V3         V4         V5         V6         V7 
0.03055915 0.03055915 0.03055915 0.03055915 0.03055915 0.03055915 
[1] "check combinedres"
[1] "check fd"
[1] "fineplot_all__resMed_.pdf"
null device 
          1 
               SNP           fd      pos chr
V128452  1_7060566 5.009115e-05  7060566   1
V128453  1_7060592 5.009115e-05  7060592   1
V128454  1_7060612 5.009115e-05  7060612   1
V128455  1_7060646 5.009115e-05  7060646   1
V128456  1_7060648 5.009115e-05  7060648   1
V128457  1_7060674 5.009115e-05  7060674   1
V128458  1_7060699 5.009115e-05  7060699   1
V128459  1_7060711 5.009115e-05  7060711   1
V128460  1_7060784 5.009115e-05  7060784   1
V128461  1_7060790 5.009115e-05  7060790   1
V59056   2_5928847 5.907955e-05  5928847   2
V59057   2_5928849 5.907955e-05  5928849   2
V59058   2_5928851 5.907955e-05  5928851   2
V59059   2_5928856 5.907955e-05  5928856   2
V59060   2_5928859 5.907955e-05  5928859   2
V59061   2_5928860 5.907955e-05  5928860   2
V59062   2_5928862 5.907955e-05  5928862   2
V59063   2_5928864 5.907955e-05  5928864   2
V59064   2_5928885 5.907955e-05  5928885   2
V59065   2_5928892 5.907955e-05  5928892   2
V295255 3_18139499 1.391000e-04 18139499   3
V295256 3_18139533 1.391000e-04 18139533   3
V295252 3_18139401 1.606519e-04 18139401   3
V295253 3_18139413 1.606519e-04 18139413   3
V295254 3_18139466 1.606519e-04 18139466   3
V251245 3_16195797 1.617058e-04 16195797   3
V295257 3_18139701 1.825441e-04 18139701   3
V295258 3_18139706 1.825441e-04 18139706   3
V295259 3_18139726 1.825441e-04 18139726   3
V295260 3_18139727 1.825441e-04 18139727   3
V80760   5_4575416 1.660697e-04  4575416   5
V80761   5_4575423 1.660697e-04  4575423   5
V74829   5_4115326 1.697415e-04  4115326   5
V1292      5_80818 1.856197e-04    80818   5
V1293      5_80868 1.856197e-04    80868   5
V1294      5_80956 1.856197e-04    80956   5
V1295      5_80963 1.856197e-04    80963   5
V1296      5_80966 1.856197e-04    80966   5
V1297      5_81072 1.856197e-04    81072   5
V80589   5_4567165 2.155584e-04  4567165   5
[1] "finegwa_TOP_resMed.csv"
