   V1 V2 V3 V4 V5
1 159 92  1  9  1
2 265 92  1  9  2
3 350 92  1  9  3
4 351 92  1  9  4
5 403 22  1  2  5
6 424 22  1  2  6
    V1  V2  V3  V4  V5  V6  V7  V8  V9 V10
1  159 175 175 175 175 175 175 175 175 175
2  265 477 477 477 477 477 477 477 477 477
3  350 340 340 340 340 340 340 340 340 340
4  351 686 686 686 686 686 686 686 686 686
5  403  72  72  72  72  72  72  72  72  72
6  424 233 233 233 233 233 233 233 233 233
7  430 175 175 175 175 175 175 175 175 175
8  628 449 449 449 449 449 449 449 449 449
9  630   7   7   7   7   7   7   7   7   7
10 763 553 553 553 553 553 553 553 553 553
[1] "start gwa finestructure ... "
[1] "end gwa finestructure"
       V2        V3        V4        V5        V6        V7 
0.1378734 0.1378734 0.1378734 0.1378734 0.1378734 0.1378734 
   V396497    V396498    V396499    V396500    V396501    V396502 
0.03494773 0.03494773 0.03494773 0.03494773 0.03434786 0.03434786 
[1] "finegwa_chr3.RObject"
