   V1 V2 V3 V4 V5
1 159 92  1  9  1
2 265 92  1  9  2
3 350 92  1  9  3
4 351 92  1  9  4
5 403 22  1  2  5
6 424 22  1  2  6
    V1  V2  V3  V4  V5  V6  V7  V8  V9 V10
1  159   7   7   7   7   7   7   7   7   7
2  265  91  91  91  91  91  91  91  91  91
3  350 375 375 375 375 375 375 375 375 375
4  351 628 628 628 628 628 628 628 628 628
5  403  57  57  57  57  57  57  57  57  57
6  424  24  24  24  24  24  24  24  24  24
7  430 306 306 306 306 306 306 306 306 306
8  628  45  45  45  45  45  45  45  45  45
9  630 378 378 378 378 378 378 378 378 378
10 763  13  13  13  13  13  13  13  13  13
[1] "start gwa finestructure ... "
[1] "end gwa finestructure"
       V2        V3        V4        V5        V6        V7 
0.4368871 0.4368871 0.4368871 0.4368871 0.4368871 0.4368871 
   V334953    V334954    V334955    V334956    V334957    V334958 
0.06197961 0.06197961 0.06197961 0.06197961 0.06197961 0.06197961 
[1] "finegwa_chr4.RObject"
