[1] "/ebio/abt6_projects9/ath_1001G_image_pheno/experiment_218_droughtgwa/fineancestry"
[1] "resRel"
      V2       V3       V4       V5       V6       V7 
0.196821 0.196821 0.196821 0.196821 0.196821 0.196821 
       V2        V3        V4        V5        V6        V7 
0.9114597 0.9114597 0.9114597 0.9114597 0.9114597 0.9114597 
       V2        V3        V4        V5        V6        V7 
0.8821349 0.8821349 0.8821349 0.8821349 0.8821349 0.8821349 
       V2        V3        V4        V5        V6        V7 
0.9621257 0.9621257 0.9621257 0.9621257 0.9621257 0.9621257 
       V2        V3        V4        V5        V6        V7 
0.9676315 0.9676315 0.9676315 0.9676315 0.9676315 0.9676315 
[1] "check combinedres"
[1] "check fd"
[1] "fineplot_all__resRel_.pdf"
null device 
          1 
               SNP          fd      pos chr
V248264 1_13210307 0.000000000 13210307   1
V248265 1_13210377 0.000000000 13210377   1
V248266 1_13210386 0.000000000 13210386   1
V248267 1_13210392 0.000000000 13210392   1
V248268 1_13210401 0.000000000 13210401   1
V248269 1_13210415 0.000000000 13210415   1
V248270 1_13210708 0.000000000 13210708   1
V248271 1_13210826 0.000000000 13210826   1
V248272 1_13210828 0.000000000 13210828   1
V248273 1_13220839 0.000000000 13220839   1
V20184   2_1028110 0.006267325  1028110   2
V20185   2_1028114 0.006267325  1028114   2
V20186   2_1028206 0.006267325  1028206   2
V20187   2_1028207 0.006267325  1028207   2
V20188   2_1028209 0.006267325  1028209   2
V20189   2_1028238 0.006267325  1028238   2
V20190   2_1028241 0.006267325  1028241   2
V20191   2_1028243 0.006267325  1028243   2
V20192   2_1028268 0.006267325  1028268   2
V20193   2_1028271 0.006267325  1028271   2
V211748 3_10941479 0.000000000 10941479   3
V212141 3_10967065 0.000000000 10967065   3
V212142 3_10967097 0.000000000 10967097   3
V212143 3_10967099 0.000000000 10967099   3
V212144 3_10967153 0.000000000 10967153   3
V212145 3_10967160 0.000000000 10967160   3
V212146 3_10967168 0.000000000 10967168   3
V212147 3_10967213 0.000000000 10967213   3
V212148 3_10967259 0.000000000 10967259   3
V212149 3_10967268 0.000000000 10967268   3
V148606  5_8065962 0.003031744  8065962   5
V148607  5_8065963 0.003031744  8065963   5
V148608  5_8065974 0.003031744  8065974   5
V148609  5_8065975 0.003031744  8065975   5
V148610  5_8065978 0.003031744  8065978   5
V148611  5_8065996 0.003031744  8065996   5
V148612  5_8066000 0.003031744  8066000   5
V148613  5_8066006 0.003031744  8066006   5
V148614  5_8066015 0.003031744  8066015   5
V148615  5_8066017 0.003031744  8066017   5
[1] "finegwa_TOP_resRel.csv"
