   V1 V2 V3 V4 V5
1 159 92  1  9  1
2 265 92  1  9  2
3 350 92  1  9  3
4 351 92  1  9  4
5 403 22  1  2  5
6 424 22  1  2  6
    V1  V2  V3  V4  V5  V6  V7  V8  V9 V10
1  159   4   4   4   4   4   4   4   4   4
2  265  61  61  61  61  61  61  61  61  61
3  350 212 212 212 212 212 212 212 212 212
4  351   1   1   1   1   1   1   1   1   1
5  403 298 298 298 298 298 298 298 298 298
6  424 380 380 380 380 380 380 380 380 380
7  430 269 269 269 269 269 269 269 269 269
8  628   9   9   9   9   9   9   9   9   9
9  630   8   8   8   8   8   8   8   8   8
10 763 223 223 223 223 223 223 223 223 223
[1] "start gwa finestructure ... "
[1] "end gwa finestructure"
         V2          V3          V4          V5          V6          V7 
0.006601933 0.006601933 0.006601933 0.006601933 0.006601933 0.006601933 
    V475553     V475554     V475555     V475556     V475557     V475558 
0.004218569 0.004218569 0.004218569 0.004218569 0.003456425 0.003456425 
[1] "finegwa_chr5.RObject"
