[1] "/ebio/abt6_projects9/ath_1001G_image_pheno/experiment_218_droughtgwa/fineancestry"
[1] "resNSwed"
        V2         V3         V4         V5         V6         V7 
0.02706264 0.02706264 0.02706264 0.02706264 0.02706264 0.02706264 
        V2         V3         V4         V5         V6         V7 
0.01910098 0.01910098 0.01910098 0.01910098 0.01910098 0.01910098 
       V2        V3        V4        V5        V6        V7 
0.5956411 0.5956411 0.5956411 0.5956411 0.5956411 0.5956411 
       V2        V3        V4        V5        V6        V7 
0.1499666 0.1499666 0.1499666 0.1499666 0.1499666 0.1499666 
        V2         V3         V4         V5         V6         V7 
0.03898992 0.03898992 0.03898992 0.03898992 0.03898992 0.03898992 
[1] "check combinedres"
[1] "check fd"
[1] "fineplot_all__resNSwed_.pdf"
null device 
          1 
               SNP           fd      pos chr
V27739   1_1574674 2.687333e-06  1574674   1
V27740   1_1574693 2.687333e-06  1574693   1
V27741   1_1574741 2.687333e-06  1574741   1
V27742   1_1574801 2.687333e-06  1574801   1
V27743   1_1574849 2.687333e-06  1574849   1
V27744   1_1574851 2.687333e-06  1574851   1
V27745   1_1574940 2.687333e-06  1574940   1
V27746   1_1575129 7.040613e-06  1575129   1
V27747   1_1575267 7.040613e-06  1575267   1
V27748   1_1575318 7.040613e-06  1575318   1
V17135    2_875187 4.347253e-06   875187   2
V17136    2_875192 4.347253e-06   875192   2
V17137    2_875204 4.347253e-06   875204   2
V17138    2_875206 4.347253e-06   875206   2
V17139    2_875221 4.347253e-06   875221   2
V17140    2_875238 4.347253e-06   875238   2
V17141    2_875281 4.347253e-06   875281   2
V17142    2_875284 4.347253e-06   875284   2
V17143    2_875319 4.347253e-06   875319   2
V17144    2_875323 4.347253e-06   875323   2
V291429 3_17944335 1.761574e-06 17944335   3
V291430 3_17944395 1.761574e-06 17944395   3
V291431 3_17944441 1.761574e-06 17944441   3
V291432 3_17944454 1.761574e-06 17944454   3
V291433 3_17944495 1.761574e-06 17944495   3
V291434 3_17944535 1.761574e-06 17944535   3
V291435 3_17944564 1.761574e-06 17944564   3
V291436 3_17944598 1.761574e-06 17944598   3
V291437 3_17944607 1.761574e-06 17944607   3
V291438 3_17944632 1.761574e-06 17944632   3
V139356  5_7629460 4.330026e-07  7629460   5
V139357  5_7629525 4.330026e-07  7629525   5
V139358  5_7629704 4.330026e-07  7629704   5
V139359  5_7629781 4.330026e-07  7629781   5
V139360  5_7629891 4.330026e-07  7629891   5
V139361  5_7630024 4.330026e-07  7630024   5
V139362  5_7630079 4.330026e-07  7630079   5
V139363  5_7630116 4.330026e-07  7630116   5
V139364  5_7630149 4.330026e-07  7630149   5
V139365  5_7630202 4.330026e-07  7630202   5
[1] "finegwa_TOP_resNSwed.csv"
