[1] "/ebio/abt6_projects9/ath_1001G_image_pheno/experiment_218_droughtgwa/fineancestry"
[1] "resCat"
       V2        V3        V4        V5        V6        V7 
0.1755112 0.1755112 0.1755112 0.1755112 0.2939495 0.2939495 
       V2        V3        V4        V5        V6        V7 
0.2410278 0.2410278 0.2410278 0.2410278 0.2410278 0.2410278 
        V2         V3         V4         V5         V6         V7 
0.06891484 0.06891484 0.06891484 0.06891484 0.06891484 0.06891484 
       V2        V3        V4        V5        V6        V7 
0.2111062 0.2111062 0.2111062 0.2111062 0.2111062 0.2111062 
     V2      V3      V4      V5      V6      V7 
0.20607 0.20607 0.20607 0.20607 0.20607 0.20607 
[1] "check combinedres"
[1] "check fd"
[1] "fineplot_all__resCat_.pdf"
null device 
          1 
               SNP           fd      pos chr
V244781 1_13029622 0.0001336187 13029622   1
V244782 1_13029654 0.0001336187 13029654   1
V244783 1_13029675 0.0001336187 13029675   1
V244784 1_13029679 0.0001336187 13029679   1
V244785 1_13029711 0.0001336187 13029711   1
V244786 1_13029731 0.0001336187 13029731   1
V244787 1_13029734 0.0001336187 13029734   1
V244788 1_13029771 0.0001336187 13029771   1
V244789 1_13029787 0.0001336187 13029787   1
V244790 1_13029801 0.0001336187 13029801   1
V312716 2_19557338 0.0003354020 19557338   2
V312717 2_19557384 0.0003354020 19557384   2
V312718 2_19557385 0.0003354020 19557385   2
V312719 2_19557402 0.0003354020 19557402   2
V312720 2_19557418 0.0003354020 19557418   2
V312721 2_19557502 0.0003354020 19557502   2
V312722 2_19557535 0.0003354020 19557535   2
V312723 2_19557686 0.0003354020 19557686   2
V312607 2_19551146 0.0004290457 19551146   2
V312608 2_19551245 0.0004290457 19551245   2
V267774 3_16945688 0.0004943682 16945688   3
V267775 3_16945690 0.0004943682 16945690   3
V267776 3_16945713 0.0004943682 16945713   3
V267777 3_16945715 0.0004943682 16945715   3
V267778 3_16945739 0.0004943682 16945739   3
V267779 3_16945765 0.0004943682 16945765   3
V267780 3_16945769 0.0004943682 16945769   3
V267781 3_16945792 0.0004943682 16945792   3
V267782 3_16945801 0.0004943682 16945801   3
V267783 3_16945806 0.0004943682 16945806   3
V21631    5_945548 0.0001409790   945548   5
V21632    5_945834 0.0001409790   945834   5
V21633    5_945855 0.0001409790   945855   5
V422411 5_24134018 0.0001439875 24134018   5
V422412 5_24134022 0.0001439875 24134022   5
V422413 5_24134037 0.0001439875 24134037   5
V422414 5_24134072 0.0001439875 24134072   5
V422415 5_24134073 0.0001439875 24134073   5
V422416 5_24134119 0.0001439875 24134119   5
V422417 5_24134154 0.0001439875 24134154   5
[1] "finegwa_TOP_resCat.csv"
