   V1 V2 V3 V4 V5
1 159 92  1  9  1
2 265 92  1  9  2
3 350 92  1  9  3
4 351 92  1  9  4
5 403 22  1  2  5
6 424 22  1  2  6
    V1  V2  V3  V4  V5  V6  V7  V8  V9 V10
1  159 525 525 525 525 525 525 525 525 525
2  265  74  74  74  74  74  74  74  74  74
3  350 370 370 370 370 370 370 370 370 370
4  351 537 537 537 537 537 537 537 537 537
5  403  38  38  38  38  38  38  38  38  38
6  424  78  78  78  78  78  78  78  78  78
7  430 279 279 279 279 279 279 279 279 279
8  628 343 343 343 343 343 343 343 343 343
9  630 112 112 112 112 112 112 112 112 112
10 763 553 553 553 553 553 553 553 553 553
[1] "start gwa finestructure ... "
[1] "end gwa finestructure"
        V2         V3         V4         V5         V6         V7 
0.01968996 0.01968996 0.01968996 0.01968996 0.02640754 0.02640754 
    V559072     V559073     V559074     V559075     V559076     V559077 
0.001441962 0.001441962 0.001441962 0.024753721 0.024753721 0.030641928 
[1] "finegwa_chr1.RObject"
