   V1 V2 V3 V4 V5
1 159 92  1  9  1
2 265 92  1  9  2
3 350 92  1  9  3
4 351 92  1  9  4
5 403 22  1  2  5
6 424 22  1  2  6
    V1  V2  V3  V4  V5  V6  V7  V8  V9 V10
1  159 356 356 356 356 356 356 356 356 356
2  265 193 193 193 193 193 193 193 193 193
3  350 322 322 322 322 322 322 322 322 322
4  351 238 238 238 238 238 238 238 238 238
5  403 385 385 385 385 385 385 385 385 385
6  424  81  81  81  81  81  81  81  81  81
7  430 531 531 531 531 531 531 531 531 531
8  628 343 343 343 343 343 343 343 343 343
9  630 272 272 272 272 272 272 272 272 272
10 763 630 630 630 630 630 630 630 630 630
[1] "start gwa finestructure ... "
[1] "end gwa finestructure"
        V2         V3         V4         V5         V6         V7 
0.07634944 0.07634944 0.07634944 0.07634944 0.07634944 0.07634944 
   V314779    V314780    V314781    V314782    V314783    V314784 
0.06305071 0.06305071 0.06305071 0.06305071 0.06305071 0.06305071 
[1] "finegwa_chr2.RObject"
