   V1 V2 V3 V4 V5
1 159 92  1  9  1
2 265 92  1  9  2
3 350 92  1  9  3
4 351 92  1  9  4
5 403 22  1  2  5
6 424 22  1  2  6
     V1  V2 V3 V4 V5
1 159  V1  V1 92 V2 V2  1 V3  V1 V3 V4 V2 V4 V3  9 V5 V5 V4  1
1
1 V5 159 159
2
1 92 92 265  1 159  1 92  9 92  9  1  1  1  9
2  1
2 265  9  2 265  1 92
3 92
2  1 350  1 265 92  9  9 92  1  2  2  1
3
3  9 350 350  9 92 92  1  1  3  2  9  9
3
4  3  3 350
4
4 351 92 351 351 92  1 92  1  9 92  1  9  3  1  9  4
4  9
5 351  4 403  4
5 92 403
5 22  1 22 403  1  1  9 22  2  2  4  1  5  5
5  2 403
6
6 22 424  5 424  1 22
6 22  1  2 424  2  5 22
6  1  6  1  2
  2  6 424  6 22

  1  2  6
    V1  V2  V3  V4  V5  V6  V7  V8  V9 V10
1  159 356 356 356 356 356 356 356 356 356
2  265 193 193 193 193 193 193 193 193 193
3  350 322 322 322 322 322 322 322 322 322
4  351 238 238 238 238 238 238 238 238 238
5  403 385 385 385 385 385 385 385 385 385
6  424  81  81  81  81  81  81  81  81  81
7  430 531 531 531 531 531 531 531 531 531
8  628 343 343 343 343 343 343 343 343 343
9  630 272 272 272 272 272 272 272 272 272
10 763 630 630 630 630 630 630 630 630 630
[1] "start gwa finestructure ... "
    V1  V2  V3  V4  V5  V6  V7  V8  V9 V10
1  159   7   7   7   7   7   7   7   7   7
2  265  91  91  91  91  91  91  91  91  91
3  350 375 375 375 375 375 375 375 375 375
4  351 628 628 628 628 628 628 628 628 628
5  403  57  57  57  57  57  57  57  57  57
6  424  24  24  24  24  24  24  24  24  24
7  430 306 306 306 306 306 306 306 306 306
8  628  45  45  45  45  45  45  45  45  45
9  630 378 378 378 378 378 378 378 378 378
10 763  13  13  13  13  13  13  13  13  13
[1] "start gwa finestructure ... "
    V1  V2  V3  V4  V5  V6  V7  V8  V9 V10
1  159 175 175 175 175 175 175 175 175 175
2  265 477 477 477 477 477 477 477 477 477
3  350 340 340 340 340 340 340 340 340 340
4  351 686 686 686 686 686 686 686 686 686
5  403  72  72  72  72  72  72  72  72  72
6  424 233 233 233 233 233 233 233 233 233
7  430 175 175 175 175 175 175 175 175 175
8  628 449 449 449 449 449 449 449 449 449
9  630   7   7   7   7   7   7   7   7   7
10 763 553 553 553 553 553 553 553 553 553
[1] "start gwa finestructure ... "
    V1  V2  V3  V4  V5  V6  V7  V8  V9 V10
1  159   4   4   4   4   4   4   4   4   4
2  265  61  61  61  61  61  61  61  61  61
3  350 212 212 212 212 212 212 212 212 212
4  351   1   1   1   1   1   1   1   1   1
5  403 298 298 298 298 298 298 298 298 298
6  424 380 380 380 380 380 380 380 380 380
7  430 269 269 269 269 269 269 269 269 269
8  628   9   9   9   9   9   9   9   9   9
9  630   8   8   8   8   8   8   8   8   8
10 763 223 223 223 223 223 223 223 223 223
[1] "start gwa finestructure ... "
    V1  V2  V3  V4  V5  V6  V7  V8  V9 V10
1  159 525 525 525 525 525 525 525 525 525
2  265  74  74  74  74  74  74  74  74  74
3  350 370 370 370 370 370 370 370 370 370
4  351 537 537 537 537 537 537 537 537 537
5  403  38  38  38  38  38  38  38  38  38
6  424  78  78  78  78  78  78  78  78  78
7  430 279 279 279 279 279 279 279 279 279
8  628 343 343 343 343 343 343 343 343 343
9  630 112 112 112 112 112 112 112 112 112
10 763 553 553 553 553 553 553 553 553 553
[1] "start gwa finestructure ... "
[1] "end gwa finestructure"
        V2         V3         V4         V5         V6         V7 
0.07634944 0.07634944 0.07634944 0.07634944 0.07634944 0.07634944 
   V314779    V314780    V314781    V314782    V314783    V314784 
0.06305071 0.06305071 0.06305071 0.06305071 0.06305071 0.06305071 
[1] "end gwa finestructure"
       V2        V3        V4        V5        V6        V7 
0.4368871 0.4368871 0.4368871 0.4368871 0.4368871 0.4368871 
   V334953    V334954    V334955    V334956    V334957    V334958 
0.06197961 0.06197961 0.06197961 0.06197961 0.06197961 0.06197961 
[1] "end gwa finestructure"
         V2          V3          V4          V5          V6          V7 
0.006601933 0.006601933 0.006601933 0.006601933 0.006601933 0.006601933 
    V475553     V475554     V475555     V475556     V475557     V475558 
0.004218569 0.004218569 0.004218569 0.004218569 0.003456425 0.003456425 
